  Main.cpp
  TravelingSalesMan.cpp
D:\Developer\TravelingSalesMan\src\TravelingSalesMan.cpp(53,27): warning C4018: '<': signed/unsigned mismatch
D:\Developer\TravelingSalesMan\src\TravelingSalesMan.cpp(71,31): warning C4018: '<': signed/unsigned mismatch
D:\Developer\TravelingSalesMan\src\TravelingSalesMan.cpp(91,44): warning C4244: 'argument': conversion from 'float' to 'unsigned int', possible loss of data
D:\Developer\TravelingSalesMan\src\TravelingSalesMan.cpp(91,30): warning C4244: 'argument': conversion from 'float' to 'unsigned int', possible loss of data
D:\Developer\TravelingSalesMan\src\TravelingSalesMan.cpp(100,25): warning C4244: 'argument': conversion from 'time_t' to 'unsigned int', possible loss of data
D:\Developer\TravelingSalesMan\src\TravelingSalesMan.cpp(102,23): warning C4018: '<': signed/unsigned mismatch
D:\Developer\TravelingSalesMan\src\TravelingSalesMan.cpp(104,17): warning C4244: 'initializing': conversion from 'uint32_t' to 'float', possible loss of data
D:\Developer\TravelingSalesMan\src\TravelingSalesMan.cpp(105,17): warning C4244: 'initializing': conversion from 'uint32_t' to 'float', possible loss of data
D:\Developer\TravelingSalesMan\src\TravelingSalesMan.cpp(112,25): warning C4244: 'argument': conversion from 'time_t' to 'unsigned int', possible loss of data
D:\Developer\TravelingSalesMan\src\TravelingSalesMan.cpp(113,23): warning C4018: '<': signed/unsigned mismatch
D:\Developer\TravelingSalesMan\src\TravelingSalesMan.cpp(126,23): warning C4018: '<': signed/unsigned mismatch
D:\Developer\TravelingSalesMan\src\TravelingSalesMan.cpp(131,25): warning C4244: 'argument': conversion from 'time_t' to 'unsigned int', possible loss of data
D:\Developer\TravelingSalesMan\src\TravelingSalesMan.cpp(132,23): warning C4018: '<': signed/unsigned mismatch
D:\Developer\TravelingSalesMan\src\TravelingSalesMan.cpp(142,23): warning C4018: '<': signed/unsigned mismatch
D:\Developer\TravelingSalesMan\src\TravelingSalesMan.cpp(166,27): warning C4018: '<': signed/unsigned mismatch
D:\Developer\TravelingSalesMan\src\TravelingSalesMan.cpp(190,23): warning C4018: '<': signed/unsigned mismatch
  Generating code
  3 of 444 functions ( 0.7%) were compiled, the rest were copied from previous compilation.
    0 functions were new in current compilation
    0 functions had inline decision re-evaluated but remain unchanged
  Finished generating code
  TravelingSalesMan.vcxproj -> D:\Developer\TravelingSalesMan\Release\TravelingSalesMan.exe
